2019-01-22T10:13:51+00:00 CRITICAL Uncaught Error: Class 'main' not found in E:\OSPanel\domains\pirany.loc\wp-content\plugins\control-home\class.control-home.php:11
Stack trace:
#0 E:\OSPanel\domains\pirany.loc\wp-includes\class-wp-hook.php(286): ControlHome::plugin_activation(false)
#1 E:\OSPanel\domains\pirany.loc\wp-includes\class-wp-hook.php(310): WP_Hook->apply_filters('', Array)
#2 E:\OSPanel\domains\pirany.loc\wp-includes\plugin.php(453): WP_Hook->do_action(Array)
#3 E:\OSPanel\domains\pirany.loc\wp-admin\includes\plugin.php(598): do_action('activate_contro...', false)
#4 E:\OSPanel\domains\pirany.loc\wp-admin\plugins.php(43): activate_plugin('control-home/co...', 'http://pirany.l...', false)
#5 {main}
  thrown в E:\OSPanel\domains\pirany.loc\wp-content\plugins\control-home\class.control-home.php на строке 11

2019-01-22T10:14:47+00:00 CRITICAL syntax error, unexpected 'class' (T_CLASS), expecting ',' or ';' в E:\OSPanel\domains\pirany.loc\wp-content\plugins\control-home\class.control-home.php на строке 5

2019-01-22T10:15:40+00:00 CRITICAL Uncaught Error: Using $this when not in object context in E:\OSPanel\domains\pirany.loc\wp-content\plugins\control-home\class.control-home.php:27
Stack trace:
#0 E:\OSPanel\domains\pirany.loc\wp-content\plugins\control-home\class.control-home.php(16): ControlHome::getDB()
#1 E:\OSPanel\domains\pirany.loc\wp-includes\class-wp-hook.php(286): ControlHome::plugin_activation(false)
#2 E:\OSPanel\domains\pirany.loc\wp-includes\class-wp-hook.php(310): WP_Hook->apply_filters('', Array)
#3 E:\OSPanel\domains\pirany.loc\wp-includes\plugin.php(453): WP_Hook->do_action(Array)
#4 E:\OSPanel\domains\pirany.loc\wp-admin\includes\plugin.php(598): do_action('activate_contro...', false)
#5 E:\OSPanel\domains\pirany.loc\wp-admin\plugins.php(43): activate_plugin('control-home/co...', 'http://pirany.l...', false)
#6 {main}
  thrown в E:\OSPanel\domains\pirany.loc\wp-content\plugins\control-home\class.control-home.php на строке 27

2019-01-22T10:22:52+00:00 CRITICAL Uncaught Error: Using $this when not in object context in E:\OSPanel\domains\pirany.loc\wp-content\plugins\control-home\class.control-home.php:27
Stack trace:
#0 E:\OSPanel\domains\pirany.loc\wp-content\plugins\control-home\class.control-home.php(16): ControlHome::getDB()
#1 E:\OSPanel\domains\pirany.loc\wp-includes\class-wp-hook.php(286): ControlHome::plugin_activation(false)
#2 E:\OSPanel\domains\pirany.loc\wp-includes\class-wp-hook.php(310): WP_Hook->apply_filters('', Array)
#3 E:\OSPanel\domains\pirany.loc\wp-includes\plugin.php(453): WP_Hook->do_action(Array)
#4 E:\OSPanel\domains\pirany.loc\wp-admin\includes\plugin.php(598): do_action('activate_contro...', false)
#5 E:\OSPanel\domains\pirany.loc\wp-admin\plugins.php(43): activate_plugin('control-home/co...', 'http://pirany.l...', false)
#6 {main}
  thrown в E:\OSPanel\domains\pirany.loc\wp-content\plugins\control-home\class.control-home.php на строке 27

2019-01-22T10:23:18+00:00 CRITICAL Uncaught Error: Using $this when not in object context in E:\OSPanel\domains\pirany.loc\wp-content\plugins\control-home\class.control-home.php:27
Stack trace:
#0 E:\OSPanel\domains\pirany.loc\wp-content\plugins\control-home\class.control-home.php(16): ControlHome::getDB()
#1 E:\OSPanel\domains\pirany.loc\wp-includes\class-wp-hook.php(286): ControlHome::plugin_activation(false)
#2 E:\OSPanel\domains\pirany.loc\wp-includes\class-wp-hook.php(310): WP_Hook->apply_filters('', Array)
#3 E:\OSPanel\domains\pirany.loc\wp-includes\plugin.php(453): WP_Hook->do_action(Array)
#4 E:\OSPanel\domains\pirany.loc\wp-admin\includes\plugin.php(598): do_action('activate_contro...', false)
#5 E:\OSPanel\domains\pirany.loc\wp-admin\plugins.php(43): activate_plugin('control-home/co...', 'http://pirany.l...', false)
#6 {main}
  thrown в E:\OSPanel\domains\pirany.loc\wp-content\plugins\control-home\class.control-home.php на строке 27

2019-01-22T10:24:01+00:00 CRITICAL Uncaught Error: Using $this when not in object context in E:\OSPanel\domains\pirany.loc\wp-content\plugins\control-home\class.control-home.php:27
Stack trace:
#0 E:\OSPanel\domains\pirany.loc\wp-content\plugins\control-home\class.control-home.php(16): ControlHome::getDB()
#1 E:\OSPanel\domains\pirany.loc\wp-includes\class-wp-hook.php(286): ControlHome::plugin_activation(false)
#2 E:\OSPanel\domains\pirany.loc\wp-includes\class-wp-hook.php(310): WP_Hook->apply_filters('', Array)
#3 E:\OSPanel\domains\pirany.loc\wp-includes\plugin.php(453): WP_Hook->do_action(Array)
#4 E:\OSPanel\domains\pirany.loc\wp-admin\includes\plugin.php(598): do_action('activate_contro...', false)
#5 E:\OSPanel\domains\pirany.loc\wp-admin\plugins.php(43): activate_plugin('control-home/co...', 'http://pirany.l...', false)
#6 {main}
  thrown в E:\OSPanel\domains\pirany.loc\wp-content\plugins\control-home\class.control-home.php на строке 27

2019-01-22T10:25:17+00:00 CRITICAL Uncaught Error: Using $this when not in object context in E:\OSPanel\domains\pirany.loc\wp-content\plugins\control-home\class.control-home.php:27
Stack trace:
#0 E:\OSPanel\domains\pirany.loc\wp-content\plugins\control-home\class.control-home.php(16): ControlHome::getDB()
#1 E:\OSPanel\domains\pirany.loc\wp-includes\class-wp-hook.php(286): ControlHome::plugin_activation(false)
#2 E:\OSPanel\domains\pirany.loc\wp-includes\class-wp-hook.php(310): WP_Hook->apply_filters('', Array)
#3 E:\OSPanel\domains\pirany.loc\wp-includes\plugin.php(453): WP_Hook->do_action(Array)
#4 E:\OSPanel\domains\pirany.loc\wp-admin\includes\plugin.php(598): do_action('activate_contro...', false)
#5 E:\OSPanel\domains\pirany.loc\wp-admin\plugins.php(43): activate_plugin('control-home/co...', 'http://pirany.l...', false)
#6 {main}
  thrown в E:\OSPanel\domains\pirany.loc\wp-content\plugins\control-home\class.control-home.php на строке 27

2019-01-22T10:26:05+00:00 CRITICAL Uncaught Error: Using $this when not in object context in E:\OSPanel\domains\pirany.loc\wp-content\plugins\control-home\class.control-home.php:28
Stack trace:
#0 E:\OSPanel\domains\pirany.loc\wp-content\plugins\control-home\class.control-home.php(17): ControlHome::getDB()
#1 E:\OSPanel\domains\pirany.loc\wp-includes\class-wp-hook.php(286): ControlHome::plugin_activation(false)
#2 E:\OSPanel\domains\pirany.loc\wp-includes\class-wp-hook.php(310): WP_Hook->apply_filters('', Array)
#3 E:\OSPanel\domains\pirany.loc\wp-includes\plugin.php(453): WP_Hook->do_action(Array)
#4 E:\OSPanel\domains\pirany.loc\wp-admin\includes\plugin.php(598): do_action('activate_contro...', false)
#5 E:\OSPanel\domains\pirany.loc\wp-admin\plugins.php(43): activate_plugin('control-home/co...', 'http://pirany.l...', false)
#6 {main}
  thrown в E:\OSPanel\domains\pirany.loc\wp-content\plugins\control-home\class.control-home.php на строке 28

2019-01-22T10:27:52+00:00 CRITICAL Uncaught Error: Call to undefined function dbDelta() in E:\OSPanel\domains\pirany.loc\wp-content\plugins\control-home\db.php:23
Stack trace:
#0 E:\OSPanel\domains\pirany.loc\wp-content\plugins\control-home\class.control-home.php(10): db::createDB()
#1 E:\OSPanel\domains\pirany.loc\wp-includes\class-wp-hook.php(286): ControlHome::plugin_activation(false)
#2 E:\OSPanel\domains\pirany.loc\wp-includes\class-wp-hook.php(310): WP_Hook->apply_filters('', Array)
#3 E:\OSPanel\domains\pirany.loc\wp-includes\plugin.php(453): WP_Hook->do_action(Array)
#4 E:\OSPanel\domains\pirany.loc\wp-admin\includes\plugin.php(598): do_action('activate_contro...', false)
#5 E:\OSPanel\domains\pirany.loc\wp-admin\plugins.php(43): activate_plugin('control-home/co...', 'http://pirany.l...', false)
#6 {main}
  thrown в E:\OSPanel\domains\pirany.loc\wp-content\plugins\control-home\db.php на строке 23

2019-01-22T10:28:59+00:00 CRITICAL Uncaught Error: Call to undefined function dbDelta() in E:\OSPanel\domains\pirany.loc\wp-content\plugins\control-home\db.php:23
Stack trace:
#0 E:\OSPanel\domains\pirany.loc\wp-content\plugins\control-home\class.control-home.php(10): db::createDB()
#1 E:\OSPanel\domains\pirany.loc\wp-includes\class-wp-hook.php(286): ControlHome::plugin_activation(false)
#2 E:\OSPanel\domains\pirany.loc\wp-includes\class-wp-hook.php(310): WP_Hook->apply_filters('', Array)
#3 E:\OSPanel\domains\pirany.loc\wp-includes\plugin.php(453): WP_Hook->do_action(Array)
#4 E:\OSPanel\domains\pirany.loc\wp-admin\includes\plugin.php(598): do_action('activate_contro...', false)
#5 E:\OSPanel\domains\pirany.loc\wp-admin\plugins.php(43): activate_plugin('control-home/co...', 'http://pirany.l...', false)
#6 {main}
  thrown в E:\OSPanel\domains\pirany.loc\wp-content\plugins\control-home\db.php на строке 23

2019-01-22T10:29:50+00:00 CRITICAL Uncaught Error: Call to undefined function dbDelta() in E:\OSPanel\domains\pirany.loc\wp-content\plugins\control-home\db.php:23
Stack trace:
#0 E:\OSPanel\domains\pirany.loc\wp-content\plugins\control-home\class.control-home.php(10): db::createDB()
#1 E:\OSPanel\domains\pirany.loc\wp-includes\class-wp-hook.php(286): ControlHome::plugin_activation(false)
#2 E:\OSPanel\domains\pirany.loc\wp-includes\class-wp-hook.php(310): WP_Hook->apply_filters('', Array)
#3 E:\OSPanel\domains\pirany.loc\wp-includes\plugin.php(453): WP_Hook->do_action(Array)
#4 E:\OSPanel\domains\pirany.loc\wp-admin\includes\plugin.php(598): do_action('activate_contro...', false)
#5 E:\OSPanel\domains\pirany.loc\wp-admin\plugins.php(43): activate_plugin('control-home/co...', 'http://pirany.l...', false)
#6 {main}
  thrown в E:\OSPanel\domains\pirany.loc\wp-content\plugins\control-home\db.php на строке 23

