2019-01-23T11:52:11+00:00 CRITICAL Uncaught Error: Call to undefined function mcrypt_get_iv_size() in E:\OSPanel\domains\pirany.loc\wp-content\plugins\control-home\crypt.php:33
Stack trace:
#0 E:\OSPanel\domains\pirany.loc\wp-content\plugins\control-home\controller.php(11): crypt->encrypt(Array)
#1 E:\OSPanel\domains\pirany.loc\wp-includes\class-wp-hook.php(286): insert_home_callback('')
#2 E:\OSPanel\domains\pirany.loc\wp-includes\class-wp-hook.php(310): WP_Hook->apply_filters('', Array)
#3 E:\OSPanel\domains\pirany.loc\wp-includes\plugin.php(453): WP_Hook->do_action(Array)
#4 E:\OSPanel\domains\pirany.loc\wp-admin\admin-ajax.php(99): do_action('wp_ajax_insert_...')
#5 {main}
  thrown в E:\OSPanel\domains\pirany.loc\wp-content\plugins\control-home\crypt.php на строке 33

2019-01-23T11:56:46+00:00 CRITICAL Uncaught Error: Call to undefined function mcrypt_get_iv_size() in E:\OSPanel\domains\pirany.loc\wp-content\plugins\control-home\crypt.php:33
Stack trace:
#0 E:\OSPanel\domains\pirany.loc\wp-content\plugins\control-home\controller.php(11): crypt->encrypt(Array)
#1 E:\OSPanel\domains\pirany.loc\wp-includes\class-wp-hook.php(286): insert_home_callback('')
#2 E:\OSPanel\domains\pirany.loc\wp-includes\class-wp-hook.php(310): WP_Hook->apply_filters('', Array)
#3 E:\OSPanel\domains\pirany.loc\wp-includes\plugin.php(453): WP_Hook->do_action(Array)
#4 E:\OSPanel\domains\pirany.loc\wp-admin\admin-ajax.php(99): do_action('wp_ajax_insert_...')
#5 {main}
  thrown в E:\OSPanel\domains\pirany.loc\wp-content\plugins\control-home\crypt.php на строке 33

2019-01-23T11:57:03+00:00 CRITICAL Uncaught Error: Call to undefined function mcrypt_get_iv_size() in E:\OSPanel\domains\pirany.loc\wp-content\plugins\control-home\crypt.php:33
Stack trace:
#0 E:\OSPanel\domains\pirany.loc\wp-content\plugins\control-home\controller.php(11): crypt->encrypt(Array)
#1 E:\OSPanel\domains\pirany.loc\wp-includes\class-wp-hook.php(286): insert_home_callback('')
#2 E:\OSPanel\domains\pirany.loc\wp-includes\class-wp-hook.php(310): WP_Hook->apply_filters('', Array)
#3 E:\OSPanel\domains\pirany.loc\wp-includes\plugin.php(453): WP_Hook->do_action(Array)
#4 E:\OSPanel\domains\pirany.loc\wp-admin\admin-ajax.php(99): do_action('wp_ajax_insert_...')
#5 {main}
  thrown в E:\OSPanel\domains\pirany.loc\wp-content\plugins\control-home\crypt.php на строке 33

2019-01-23T11:57:54+00:00 CRITICAL Uncaught Error: Call to undefined function mcrypt_get_iv_size() in E:\OSPanel\domains\pirany.loc\wp-content\plugins\control-home\crypt.php:33
Stack trace:
#0 E:\OSPanel\domains\pirany.loc\wp-content\plugins\control-home\controller.php(11): crypt->encrypt(Array)
#1 E:\OSPanel\domains\pirany.loc\wp-includes\class-wp-hook.php(286): insert_home_callback('')
#2 E:\OSPanel\domains\pirany.loc\wp-includes\class-wp-hook.php(310): WP_Hook->apply_filters('', Array)
#3 E:\OSPanel\domains\pirany.loc\wp-includes\plugin.php(453): WP_Hook->do_action(Array)
#4 E:\OSPanel\domains\pirany.loc\wp-admin\admin-ajax.php(99): do_action('wp_ajax_insert_...')
#5 {main}
  thrown в E:\OSPanel\domains\pirany.loc\wp-content\plugins\control-home\crypt.php на строке 33

2019-01-23T11:58:20+00:00 CRITICAL Uncaught Error: Call to undefined function mcrypt_get_iv_size() in E:\OSPanel\domains\pirany.loc\wp-content\plugins\control-home\crypt.php:33
Stack trace:
#0 E:\OSPanel\domains\pirany.loc\wp-content\plugins\control-home\controller.php(11): crypt->encrypt(Array)
#1 E:\OSPanel\domains\pirany.loc\wp-includes\class-wp-hook.php(286): insert_home_callback('')
#2 E:\OSPanel\domains\pirany.loc\wp-includes\class-wp-hook.php(310): WP_Hook->apply_filters('', Array)
#3 E:\OSPanel\domains\pirany.loc\wp-includes\plugin.php(453): WP_Hook->do_action(Array)
#4 E:\OSPanel\domains\pirany.loc\wp-admin\admin-ajax.php(99): do_action('wp_ajax_insert_...')
#5 {main}
  thrown в E:\OSPanel\domains\pirany.loc\wp-content\plugins\control-home\crypt.php на строке 33

2019-01-23T12:02:19+00:00 CRITICAL Uncaught Error: Call to undefined function mcrypt_get_iv_size() in E:\OSPanel\domains\pirany.loc\wp-content\plugins\control-home\crypt.php:33
Stack trace:
#0 E:\OSPanel\domains\pirany.loc\wp-content\plugins\control-home\controller.php(11): crypt->encrypt(Array)
#1 E:\OSPanel\domains\pirany.loc\wp-includes\class-wp-hook.php(286): insert_home_callback('')
#2 E:\OSPanel\domains\pirany.loc\wp-includes\class-wp-hook.php(310): WP_Hook->apply_filters('', Array)
#3 E:\OSPanel\domains\pirany.loc\wp-includes\plugin.php(453): WP_Hook->do_action(Array)
#4 E:\OSPanel\domains\pirany.loc\wp-admin\admin-ajax.php(99): do_action('wp_ajax_insert_...')
#5 {main}
  thrown в E:\OSPanel\domains\pirany.loc\wp-content\plugins\control-home\crypt.php на строке 33

2019-01-23T12:04:53+00:00 CRITICAL Uncaught Error: Call to undefined function mcrypt_get_iv_size() in E:\OSPanel\domains\pirany.loc\wp-content\plugins\control-home\crypt.php:33
Stack trace:
#0 E:\OSPanel\domains\pirany.loc\wp-content\plugins\control-home\controller.php(11): crypt->encrypt(Array)
#1 E:\OSPanel\domains\pirany.loc\wp-includes\class-wp-hook.php(286): insert_home_callback('')
#2 E:\OSPanel\domains\pirany.loc\wp-includes\class-wp-hook.php(310): WP_Hook->apply_filters('', Array)
#3 E:\OSPanel\domains\pirany.loc\wp-includes\plugin.php(453): WP_Hook->do_action(Array)
#4 E:\OSPanel\domains\pirany.loc\wp-admin\admin-ajax.php(99): do_action('wp_ajax_insert_...')
#5 {main}
  thrown в E:\OSPanel\domains\pirany.loc\wp-content\plugins\control-home\crypt.php на строке 33

2019-01-23T12:09:15+00:00 CRITICAL Uncaught Error: Call to undefined function mcrypt_get_iv_size() in E:\OSPanel\domains\pirany.loc\wp-content\plugins\control-home\crypt.php:33
Stack trace:
#0 E:\OSPanel\domains\pirany.loc\wp-content\plugins\control-home\controller.php(11): crypt->encrypt(Array)
#1 E:\OSPanel\domains\pirany.loc\wp-includes\class-wp-hook.php(286): insert_home_callback('')
#2 E:\OSPanel\domains\pirany.loc\wp-includes\class-wp-hook.php(310): WP_Hook->apply_filters('', Array)
#3 E:\OSPanel\domains\pirany.loc\wp-includes\plugin.php(453): WP_Hook->do_action(Array)
#4 E:\OSPanel\domains\pirany.loc\wp-admin\admin-ajax.php(99): do_action('wp_ajax_insert_...')
#5 {main}
  thrown в E:\OSPanel\domains\pirany.loc\wp-content\plugins\control-home\crypt.php на строке 33

2019-01-23T12:09:32+00:00 CRITICAL Uncaught Error: Call to undefined function mcrypt_get_iv_size() in E:\OSPanel\domains\pirany.loc\wp-content\plugins\control-home\crypt.php:33
Stack trace:
#0 E:\OSPanel\domains\pirany.loc\wp-content\plugins\control-home\controller.php(11): crypt->encrypt(Array)
#1 E:\OSPanel\domains\pirany.loc\wp-includes\class-wp-hook.php(286): insert_home_callback('')
#2 E:\OSPanel\domains\pirany.loc\wp-includes\class-wp-hook.php(310): WP_Hook->apply_filters('', Array)
#3 E:\OSPanel\domains\pirany.loc\wp-includes\plugin.php(453): WP_Hook->do_action(Array)
#4 E:\OSPanel\domains\pirany.loc\wp-admin\admin-ajax.php(99): do_action('wp_ajax_insert_...')
#5 {main}
  thrown в E:\OSPanel\domains\pirany.loc\wp-content\plugins\control-home\crypt.php на строке 33

2019-01-23T12:14:26+00:00 CRITICAL Uncaught Error: Call to undefined function mcrypt_get_iv_size() in E:\OSPanel\domains\pirany.loc\wp-content\plugins\control-home\crypt.php:34
Stack trace:
#0 E:\OSPanel\domains\pirany.loc\wp-content\plugins\control-home\controller.php(11): crypt->encrypt(Array)
#1 E:\OSPanel\domains\pirany.loc\wp-includes\class-wp-hook.php(286): insert_home_callback('')
#2 E:\OSPanel\domains\pirany.loc\wp-includes\class-wp-hook.php(310): WP_Hook->apply_filters('', Array)
#3 E:\OSPanel\domains\pirany.loc\wp-includes\plugin.php(453): WP_Hook->do_action(Array)
#4 E:\OSPanel\domains\pirany.loc\wp-admin\admin-ajax.php(99): do_action('wp_ajax_insert_...')
#5 {main}
  thrown в E:\OSPanel\domains\pirany.loc\wp-content\plugins\control-home\crypt.php на строке 34

2019-01-23T12:16:09+00:00 CRITICAL Uncaught Error: Call to undefined function mcrypt_get_iv_size() in E:\OSPanel\domains\pirany.loc\wp-content\plugins\control-home\crypt.php:31
Stack trace:
#0 E:\OSPanel\domains\pirany.loc\wp-content\plugins\control-home\controller.php(12): crypt->encrypt(Array)
#1 E:\OSPanel\domains\pirany.loc\wp-includes\class-wp-hook.php(286): insert_home_callback('')
#2 E:\OSPanel\domains\pirany.loc\wp-includes\class-wp-hook.php(310): WP_Hook->apply_filters('', Array)
#3 E:\OSPanel\domains\pirany.loc\wp-includes\plugin.php(453): WP_Hook->do_action(Array)
#4 E:\OSPanel\domains\pirany.loc\wp-admin\admin-ajax.php(99): do_action('wp_ajax_insert_...')
#5 {main}
  thrown в E:\OSPanel\domains\pirany.loc\wp-content\plugins\control-home\crypt.php на строке 31

2019-01-23T12:38:36+00:00 CRITICAL Uncaught Error: Unsupported operand types in E:\OSPanel\domains\pirany.loc\wp-content\plugins\control-home\controller.php:26
Stack trace:
#0 E:\OSPanel\domains\pirany.loc\wp-includes\class-wp-hook.php(286): select_home_callback('')
#1 E:\OSPanel\domains\pirany.loc\wp-includes\class-wp-hook.php(310): WP_Hook->apply_filters('', Array)
#2 E:\OSPanel\domains\pirany.loc\wp-includes\plugin.php(453): WP_Hook->do_action(Array)
#3 E:\OSPanel\domains\pirany.loc\wp-admin\admin-ajax.php(99): do_action('wp_ajax_select_...')
#4 {main}
  thrown в E:\OSPanel\domains\pirany.loc\wp-content\plugins\control-home\controller.php на строке 26

2019-01-23T12:39:54+00:00 CRITICAL Uncaught Error: Cannot use object of type stdClass as array in E:\OSPanel\domains\pirany.loc\wp-content\plugins\control-home\controller.php:26
Stack trace:
#0 E:\OSPanel\domains\pirany.loc\wp-includes\class-wp-hook.php(286): select_home_callback('')
#1 E:\OSPanel\domains\pirany.loc\wp-includes\class-wp-hook.php(310): WP_Hook->apply_filters('', Array)
#2 E:\OSPanel\domains\pirany.loc\wp-includes\plugin.php(453): WP_Hook->do_action(Array)
#3 E:\OSPanel\domains\pirany.loc\wp-admin\admin-ajax.php(99): do_action('wp_ajax_select_...')
#4 {main}
  thrown в E:\OSPanel\domains\pirany.loc\wp-content\plugins\control-home\controller.php на строке 26

2019-01-23T12:40:30+00:00 CRITICAL Uncaught Error: Cannot use object of type stdClass as array in E:\OSPanel\domains\pirany.loc\wp-content\plugins\control-home\controller.php:26
Stack trace:
#0 E:\OSPanel\domains\pirany.loc\wp-includes\class-wp-hook.php(286): select_home_callback('')
#1 E:\OSPanel\domains\pirany.loc\wp-includes\class-wp-hook.php(310): WP_Hook->apply_filters('', Array)
#2 E:\OSPanel\domains\pirany.loc\wp-includes\plugin.php(453): WP_Hook->do_action(Array)
#3 E:\OSPanel\domains\pirany.loc\wp-admin\admin-ajax.php(99): do_action('wp_ajax_select_...')
#4 {main}
  thrown в E:\OSPanel\domains\pirany.loc\wp-content\plugins\control-home\controller.php на строке 26

2019-01-23T12:41:02+00:00 CRITICAL Uncaught Error: Cannot use object of type stdClass as array in E:\OSPanel\domains\pirany.loc\wp-content\plugins\control-home\controller.php:25
Stack trace:
#0 E:\OSPanel\domains\pirany.loc\wp-includes\class-wp-hook.php(286): select_home_callback('')
#1 E:\OSPanel\domains\pirany.loc\wp-includes\class-wp-hook.php(310): WP_Hook->apply_filters('', Array)
#2 E:\OSPanel\domains\pirany.loc\wp-includes\plugin.php(453): WP_Hook->do_action(Array)
#3 E:\OSPanel\domains\pirany.loc\wp-admin\admin-ajax.php(99): do_action('wp_ajax_select_...')
#4 {main}
  thrown в E:\OSPanel\domains\pirany.loc\wp-content\plugins\control-home\controller.php на строке 25

2019-01-23T12:45:47+00:00 CRITICAL Uncaught Error: Cannot use object of type stdClass as array in E:\OSPanel\domains\pirany.loc\wp-content\plugins\control-home\controller.php:25
Stack trace:
#0 E:\OSPanel\domains\pirany.loc\wp-includes\class-wp-hook.php(286): select_home_callback('')
#1 E:\OSPanel\domains\pirany.loc\wp-includes\class-wp-hook.php(310): WP_Hook->apply_filters('', Array)
#2 E:\OSPanel\domains\pirany.loc\wp-includes\plugin.php(453): WP_Hook->do_action(Array)
#3 E:\OSPanel\domains\pirany.loc\wp-admin\admin-ajax.php(99): do_action('wp_ajax_select_...')
#4 {main}
  thrown в E:\OSPanel\domains\pirany.loc\wp-content\plugins\control-home\controller.php на строке 25

2019-01-23T12:57:38+00:00 CRITICAL Uncaught Error: Unsupported operand types in E:\OSPanel\domains\pirany.loc\wp-content\plugins\control-home\controller.php:26
Stack trace:
#0 E:\OSPanel\domains\pirany.loc\wp-includes\class-wp-hook.php(286): select_home_callback('')
#1 E:\OSPanel\domains\pirany.loc\wp-includes\class-wp-hook.php(310): WP_Hook->apply_filters('', Array)
#2 E:\OSPanel\domains\pirany.loc\wp-includes\plugin.php(453): WP_Hook->do_action(Array)
#3 E:\OSPanel\domains\pirany.loc\wp-admin\admin-ajax.php(99): do_action('wp_ajax_select_...')
#4 {main}
  thrown в E:\OSPanel\domains\pirany.loc\wp-content\plugins\control-home\controller.php на строке 26

